Determining if the pthread_create exist failed with the following output:
Change Dir: /home/pi/workspace/Larc2016/Testeos/CMakeFiles/CMakeTmp

Run Build Command:"/usr/bin/make" "cmTryCompileExec2179001659/fast"
/usr/bin/make -f CMakeFiles/cmTryCompileExec2179001659.dir/build.make CMakeFiles/cmTryCompileExec2179001659.dir/build
make[1]: Entering directory '/home/pi/workspace/Larc2016/Testeos/CMakeFiles/CMakeTmp'
/usr/bin/cmake -E cmake_progress_report /home/pi/workspace/Larc2016/Testeos/CMakeFiles/CMakeTmp/CMakeFiles 1
Building C object CMakeFiles/cmTryCompileExec2179001659.dir/CheckSymbolExists.c.o
/usr/bin/cc    -o CMakeFiles/cmTryCompileExec2179001659.dir/CheckSymbolExists.c.o   -c /home/pi/workspace/Larc2016/Testeos/CMakeFiles/CMakeTmp/CheckSymbolExists.c
Linking C executable cmTryCompileExec2179001659
/usr/bin/cmake -E cmake_link_script CMakeFiles/cmTryCompileExec2179001659.dir/link.txt --verbose=1
/usr/bin/cc       CMakeFiles/cmTryCompileExec2179001659.dir/CheckSymbolExists.c.o  -o cmTryCompileExec2179001659 -rdynamic 
CMakeFiles/cmTryCompileExec2179001659.dir/CheckSymbolExists.c.o: In function `main':
CheckSymbolExists.c:(.text+0x38): undefined reference to `pthread_create'
collect2: error: ld returned 1 exit status
CMakeFiles/cmTryCompileExec2179001659.dir/build.make:88: recipe for target 'cmTryCompileExec2179001659' failed
make[1]: *** [cmTryCompileExec2179001659] Error 1
make[1]: Leaving directory '/home/pi/workspace/Larc2016/Testeos/CMakeFiles/CMakeTmp'
Makefile:118: recipe for target 'cmTryCompileExec2179001659/fast' failed
make: *** [cmTryCompileExec2179001659/fast] Error 2

File /home/pi/workspace/Larc2016/Testeos/CMakeFiles/CMakeTmp/CheckSymbolExists.c:
/* */
#include <pthread.h>

int main(int argc, char** argv)
{
  (void)argv;
#ifndef pthread_create
  return ((int*)(&pthread_create))[argc];
#else
  (void)argc;
  return 0;
#endif
}

Determining if the function pthread_create exists in the pthreads failed with the following output:
Change Dir: /home/pi/workspace/Larc2016/Testeos/CMakeFiles/CMakeTmp

Run Build Command:"/usr/bin/make" "cmTryCompileExec1528226408/fast"
/usr/bin/make -f CMakeFiles/cmTryCompileExec1528226408.dir/build.make CMakeFiles/cmTryCompileExec1528226408.dir/build
make[1]: Entering directory '/home/pi/workspace/Larc2016/Testeos/CMakeFiles/CMakeTmp'
/usr/bin/cmake -E cmake_progress_report /home/pi/workspace/Larc2016/Testeos/CMakeFiles/CMakeTmp/CMakeFiles 1
Building C object CMakeFiles/cmTryCompileExec1528226408.dir/CheckFunctionExists.c.o
/usr/bin/cc   -DCHECK_FUNCTION_EXISTS=pthread_create   -o CMakeFiles/cmTryCompileExec1528226408.dir/CheckFunctionExists.c.o   -c /usr/share/cmake-3.0/Modules/CheckFunctionExists.c
Linking C executable cmTryCompileExec1528226408
/usr/bin/cmake -E cmake_link_script CMakeFiles/cmTryCompileExec1528226408.dir/link.txt --verbose=1
/usr/bin/cc   -DCHECK_FUNCTION_EXISTS=pthread_create    CMakeFiles/cmTryCompileExec1528226408.dir/CheckFunctionExists.c.o  -o cmTryCompileExec1528226408 -rdynamic -lpthreads 
/usr/bin/ld: cannot find -lpthreads
collect2: error: ld returned 1 exit status
CMakeFiles/cmTryCompileExec1528226408.dir/build.make:88: recipe for target 'cmTryCompileExec1528226408' failed
make[1]: *** [cmTryCompileExec1528226408] Error 1
make[1]: Leaving directory '/home/pi/workspace/Larc2016/Testeos/CMakeFiles/CMakeTmp'
Makefile:118: recipe for target 'cmTryCompileExec1528226408/fast' failed
make: *** [cmTryCompileExec1528226408/fast] Error 2


